<?xml version="1.0" encoding="UTF-8"?>
<testsuite name="decompengine.web.WebProgressRetentionWorkerTest" tests="4" skipped="0" failures="0" errors="0" timestamp="2026-09-08T06:15:49.066Z" hostname="whatsername" time="0.523">
  <properties/>
  <testcase name="periodic reads never create storage or acquire ownership for a missing root()" classname="decompengine.web.WebProgressRetentionWorkerTest" time="0.085"/>
  <testcase name="blocked owner notification does not hold the executor termination lock()" classname="decompengine.web.WebProgressRetentionWorkerTest" time="0.003"/>
  <testcase name="stopped worker remains non-idle until its callback releases()" classname="decompengine.web.WebProgressRetentionWorkerTest" time="0.023"/>
  <testcase name="opt-in service maintenance expires eligible runs preserves pins and isolates malformed journals()" classname="decompengine.web.WebProgressRetentionWorkerTest" time="0.399"/>
  <system-out><![CDATA[]]></system-out>
  <system-err><![CDATA[]]></system-err>
</testsuite>
