<?xml version="1.0" encoding="UTF-8"?>
<testsuite name="decompengine.acp.AcpAuthenticationInventoryTest" tests="13" skipped="0" failures="0" errors="0" timestamp="2026-09-05T18:03:25.113Z" hostname="whatsername" time="0.434">
  <properties/>
  <testcase name="commitment covers variant payloads metadata and unknown raw fields()" classname="decompengine.acp.AcpAuthenticationInventoryTest" time="0.154"/>
  <testcase name="replacement-marker matches cannot cause unbounded intermediate preview growth()" classname="decompengine.acp.AcpAuthenticationInventoryTest" time="0.006"/>
  <testcase name="logout advertisement remains independent of methods and execution support()" classname="decompengine.acp.AcpAuthenticationInventoryTest" time="0.001"/>
  <testcase name="complete inventory limits include metadata unsupported payloads depth and aggregate size()" classname="decompengine.acp.AcpAuthenticationInventoryTest" time="0.024"/>
  <testcase name="operator inventory preserves exact IDs but redacts display previews()" classname="decompengine.acp.AcpAuthenticationInventoryTest" time="0.003"/>
  <testcase name="public commitments hide sensitive text while preserving same-scope comparisons()" classname="decompengine.acp.AcpAuthenticationInventoryTest" time="0.003"/>
  <testcase name="unknown authentication variants stay unsupported()" classname="decompengine.acp.AcpAuthenticationInventoryTest" time="0.002"/>
  <testcase name="numeric payload policy applies at the exact limit to metadata and unknown variants()" classname="decompengine.acp.AcpAuthenticationInventoryTest" time="0.006"/>
  <testcase name="ambiguous and excessive advertisements fail with fixed diagnostics()" classname="decompengine.acp.AcpAuthenticationInventoryTest" time="0.0"/>
  <testcase name="unpaired surrogates fail as authentication inventory errors()" classname="decompengine.acp.AcpAuthenticationInventoryTest" time="0.001"/>
  <testcase name="empty and changed inventories have deterministic commitments()" classname="decompengine.acp.AcpAuthenticationInventoryTest" time="0.001"/>
  <testcase name="preview truncation preserves supplementary Unicode boundaries()" classname="decompengine.acp.AcpAuthenticationInventoryTest" time="0.005"/>
  <testcase name="inventory commitment scope changes across JVM restarts()" classname="decompengine.acp.AcpAuthenticationInventoryTest" time="0.215"/>
  <system-out><![CDATA[]]></system-out>
  <system-err><![CDATA[]]></system-err>
</testsuite>
