<?xml version="1.0" encoding="UTF-8"?>
<testsuite name="decompengine.jobs.JobUploadCrashTest" tests="14" skipped="0" failures="0" errors="0" timestamp="2026-09-05T14:28:24.529Z" hostname="whatsername" time="1.652">
  <properties/>
  <testcase name="death after input force keeps the upload private()" classname="decompengine.jobs.JobUploadCrashTest" time="0.091"/>
  <testcase name="death after store force leaves a complete job()" classname="decompengine.jobs.JobUploadCrashTest" time="0.107"/>
  <testcase name="death before store force leaves a complete job()" classname="decompengine.jobs.JobUploadCrashTest" time="0.173"/>
  <testcase name="death before stage force keeps the upload private()" classname="decompengine.jobs.JobUploadCrashTest" time="0.118"/>
  <testcase name="death before metadata write keeps the upload private()" classname="decompengine.jobs.JobUploadCrashTest" time="0.098"/>
  <testcase name="death after partial input keeps the upload private()" classname="decompengine.jobs.JobUploadCrashTest" time="0.088"/>
  <testcase name="death after metadata replacement keeps the upload private()" classname="decompengine.jobs.JobUploadCrashTest" time="0.099"/>
  <testcase name="death after upload rename leaves a complete job()" classname="decompengine.jobs.JobUploadCrashTest" time="0.179"/>
  <testcase name="death after stage force keeps the upload private()" classname="decompengine.jobs.JobUploadCrashTest" time="0.125"/>
  <testcase name="death before input write keeps the upload private()" classname="decompengine.jobs.JobUploadCrashTest" time="0.087"/>
  <testcase name="death before input force keeps the upload private()" classname="decompengine.jobs.JobUploadCrashTest" time="0.08"/>
  <testcase name="death after metadata force keeps the upload private()" classname="decompengine.jobs.JobUploadCrashTest" time="0.107"/>
  <testcase name="death after partial metadata keeps the upload private()" classname="decompengine.jobs.JobUploadCrashTest" time="0.11"/>
  <testcase name="death before upload rename keeps the upload private()" classname="decompengine.jobs.JobUploadCrashTest" time="0.188"/>
  <system-out><![CDATA[]]></system-out>
  <system-err><![CDATA[]]></system-err>
</testsuite>
