<?xml version="1.0" encoding="UTF-8"?>
<testsuite name="decompengine.jobs.JobStoreDirectoriesCrashTest" tests="4" skipped="0" failures="0" errors="0" timestamp="2026-09-05T14:28:23.544Z" hostname="whatsername" time="0.708">
  <properties/>
  <testcase name="death after parent force leaves no upload()" classname="decompengine.jobs.JobStoreDirectoriesCrashTest" time="0.207"/>
  <testcase name="death after store force leaves no upload()" classname="decompengine.jobs.JobStoreDirectoriesCrashTest" time="0.16"/>
  <testcase name="death after all ancestor forces leaves no upload()" classname="decompengine.jobs.JobStoreDirectoriesCrashTest" time="0.154"/>
  <testcase name="death before first directory force leaves no upload()" classname="decompengine.jobs.JobStoreDirectoriesCrashTest" time="0.186"/>
  <system-out><![CDATA[]]></system-out>
  <system-err><![CDATA[]]></system-err>
</testsuite>
