<?xml version="1.0" encoding="UTF-8"?>
<testsuite name="decompengine.jobs.UploadStagingRecoveryTest" tests="4" skipped="0" failures="0" errors="0" timestamp="2026-09-05T08:28:26.731Z" hostname="whatsername" time="0.516">
  <properties/>
  <testcase name="cleanup removes only private staging and leaves published jobs and unrelated hidden entries()" classname="decompengine.jobs.UploadStagingRecoveryTest" time="0.005"/>
  <testcase name="killed publisher cleanup preserves post-rename receipt and never recovers partial jobs()" classname="decompengine.jobs.UploadStagingRecoveryTest" time="0.489"/>
  <testcase name="unexpected entries links and permissions refuse cleanup without touching retained data()" classname="decompengine.jobs.UploadStagingRecoveryTest" time="0.01"/>
  <testcase name="too many orphan candidates are rejected before cleanup()" classname="decompengine.jobs.UploadStagingRecoveryTest" time="0.011"/>
  <system-out><![CDATA[]]></system-out>
  <system-err><![CDATA[]]></system-err>
</testsuite>
