<?xml version="1.0" encoding="UTF-8"?>
<testsuite name="decompengine.acp.AcpAuthenticationInventoryTest" tests="7" skipped="0" failures="0" errors="0" timestamp="2026-09-05T18:39:15.046Z" hostname="whatsername" time="0.078">
  <properties/>
  <testcase name="control normalization precedes literal and credential preview redaction()" classname="decompengine.acp.AcpAuthenticationInventoryTest" time="0.044"/>
  <testcase name="replacement-marker matches cannot cause unbounded intermediate preview growth()" classname="decompengine.acp.AcpAuthenticationInventoryTest" time="0.005"/>
  <testcase name="operator inventory preserves exact IDs but redacts display previews()" classname="decompengine.acp.AcpAuthenticationInventoryTest" time="0.011"/>
  <testcase name="unknown authentication variants stay unsupported()" classname="decompengine.acp.AcpAuthenticationInventoryTest" time="0.002"/>
  <testcase name="ambiguous and excessive advertisements fail with fixed diagnostics()" classname="decompengine.acp.AcpAuthenticationInventoryTest" time="0.0"/>
  <testcase name="empty and changed inventories have deterministic commitments()" classname="decompengine.acp.AcpAuthenticationInventoryTest" time="0.001"/>
  <testcase name="preview truncation preserves supplementary Unicode boundaries()" classname="decompengine.acp.AcpAuthenticationInventoryTest" time="0.005"/>
  <system-out><![CDATA[]]></system-out>
  <system-err><![CDATA[]]></system-err>
</testsuite>
