<?xml version="1.0" encoding="UTF-8"?>
<testsuite name="decompengine.jobs.JobRecoveryAdmissionTest" tests="7" skipped="0" failures="0" errors="0" timestamp="2026-09-05T16:10:50.189Z" hostname="whatsername" time="0.245">
  <properties/>
  <testcase name="entry exhaustion leaves all statuses unchanged and retry can recover()" classname="decompengine.jobs.JobRecoveryAdmissionTest" time="0.02"/>
  <testcase name="cancellation before or during inspection leaves every record unchanged()" classname="decompengine.jobs.JobRecoveryAdmissionTest" time="0.029"/>
  <testcase name="cancellation between status writes retains completed reconciliation and leaves later jobs pending()" classname="decompengine.jobs.JobRecoveryAdmissionTest" time="0.086"/>
  <testcase name="unreadable candidate prevents partial reconciliation and hides diagnostic content()" classname="decompengine.jobs.JobRecoveryAdmissionTest" time="0.016"/>
  <testcase name="unsupported schema and lossy numeric coercions cannot pass recovery inspection()" classname="decompengine.jobs.JobRecoveryAdmissionTest" time="0.029"/>
  <testcase name="listing refuses partial results on scan limits and invalid metadata without rewriting()" classname="decompengine.jobs.JobRecoveryAdmissionTest" time="0.022"/>
  <testcase name="aggregate metadata exhaustion precedes every recovery write()" classname="decompengine.jobs.JobRecoveryAdmissionTest" time="0.04"/>
  <system-out><![CDATA[]]></system-out>
  <system-err><![CDATA[]]></system-err>
</testsuite>
