<?xml version="1.0" encoding="UTF-8"?>
<testsuite name="decompengine.jobs.JobStoreDirectoriesCrashTest" tests="4" skipped="0" failures="0" errors="0" timestamp="2026-09-05T16:10:50.454Z" hostname="whatsername" time="0.667">
  <properties/>
  <testcase name="death after parent force leaves no upload()" classname="decompengine.jobs.JobStoreDirectoriesCrashTest" time="0.157"/>
  <testcase name="death after store force leaves no upload()" classname="decompengine.jobs.JobStoreDirectoriesCrashTest" time="0.195"/>
  <testcase name="death after all ancestor forces leaves no upload()" classname="decompengine.jobs.JobStoreDirectoriesCrashTest" time="0.161"/>
  <testcase name="death before first directory force leaves no upload()" classname="decompengine.jobs.JobStoreDirectoriesCrashTest" time="0.152"/>
  <system-out><![CDATA[]]></system-out>
  <system-err><![CDATA[]]></system-err>
</testsuite>
