<?xml version="1.0" encoding="UTF-8"?>
<testsuite name="decompengine.jobs.JobMetadataPublicationTest" tests="8" skipped="0" failures="0" errors="0" timestamp="2026-09-05T16:10:50.070Z" hostname="whatsername" time="0.118">
  <properties/>
  <testcase name="failure after replacement retains complete new metadata()" classname="decompengine.jobs.JobMetadataPublicationTest" time="0.019"/>
  <testcase name="unforced private write preserves prior metadata()" classname="decompengine.jobs.JobMetadataPublicationTest" time="0.013"/>
  <testcase name="failure before replacement preserves prior metadata()" classname="decompengine.jobs.JobMetadataPublicationTest" time="0.015"/>
  <testcase name="failure before write preserves prior metadata()" classname="decompengine.jobs.JobMetadataPublicationTest" time="0.013"/>
  <testcase name="failure before directory force retains complete new metadata()" classname="decompengine.jobs.JobMetadataPublicationTest" time="0.013"/>
  <testcase name="partial private write preserves prior metadata()" classname="decompengine.jobs.JobMetadataPublicationTest" time="0.011"/>
  <testcase name="failure after directory force retains complete new metadata()" classname="decompengine.jobs.JobMetadataPublicationTest" time="0.015"/>
  <testcase name="forced private write preserves prior metadata()" classname="decompengine.jobs.JobMetadataPublicationTest" time="0.014"/>
  <system-out><![CDATA[]]></system-out>
  <system-err><![CDATA[]]></system-err>
</testsuite>
