<?xml version="1.0" encoding="UTF-8"?>
<testsuite name="decompengine.web.WebRecoveryAdmissionTest" tests="4" skipped="0" failures="0" errors="0" timestamp="2026-09-05T16:53:12.188Z" hostname="whatsername" time="0.147">
  <properties/>
  <testcase name="rejected duplicate start does not shut down a running server()" classname="decompengine.web.WebRecoveryAdmissionTest" time="0.003"/>
  <testcase name="incomplete startup recovery releases ownership and listener without changing statuses()" classname="decompengine.web.WebRecoveryAdmissionTest" time="0.074"/>
  <testcase name="queued request cannot deadlock failed startup cleanup()" classname="decompengine.web.WebRecoveryAdmissionTest" time="0.004"/>
  <testcase name="stop before startup preserves pending records and releases its listener()" classname="decompengine.web.WebRecoveryAdmissionTest" time="0.066"/>
  <system-out><![CDATA[]]></system-out>
  <system-err><![CDATA[]]></system-err>
</testsuite>
