<?xml version="1.0" encoding="UTF-8"?>
<testsuite name="decompengine.jobs.JobRecoveryAdmissionTest" tests="8" skipped="0" failures="0" errors="0" timestamp="2026-09-05T16:52:49.021Z" hostname="whatsername" time="0.83">
  <properties/>
  <testcase name="legacy metadata that cannot encode recovery prevents every status write()" classname="decompengine.jobs.JobRecoveryAdmissionTest" time="0.175"/>
  <testcase name="entry exhaustion leaves all statuses unchanged and retry can recover()" classname="decompengine.jobs.JobRecoveryAdmissionTest" time="0.079"/>
  <testcase name="cancellation before or during inspection leaves every record unchanged()" classname="decompengine.jobs.JobRecoveryAdmissionTest" time="0.099"/>
  <testcase name="cancellation between status writes retains completed reconciliation and leaves later jobs pending()" classname="decompengine.jobs.JobRecoveryAdmissionTest" time="0.14"/>
  <testcase name="unreadable candidate prevents partial reconciliation and hides diagnostic content()" classname="decompengine.jobs.JobRecoveryAdmissionTest" time="0.049"/>
  <testcase name="unsupported schema and lossy numeric coercions cannot pass recovery inspection()" classname="decompengine.jobs.JobRecoveryAdmissionTest" time="0.084"/>
  <testcase name="listing refuses partial results on scan limits and invalid metadata without rewriting()" classname="decompengine.jobs.JobRecoveryAdmissionTest" time="0.066"/>
  <testcase name="aggregate metadata exhaustion precedes every recovery write()" classname="decompengine.jobs.JobRecoveryAdmissionTest" time="0.138"/>
  <system-out><![CDATA[]]></system-out>
  <system-err><![CDATA[]]></system-err>
</testsuite>
