<?xml version="1.0" encoding="UTF-8"?>
<testsuite name="decompengine.web.WebShutdownTest" tests="4" skipped="0" failures="0" errors="0" timestamp="2026-09-05T16:35:11.577Z" hostname="whatsername" time="7.889">
  <properties/>
  <testcase name="abrupt JVM death releases ownership and recovery marks active and queued jobs interrupted()" classname="decompengine.web.WebShutdownTest" time="0.643"/>
  <testcase name="uncooperative workers exhaust the grace period and remain interrupted on restart()" classname="decompengine.web.WebShutdownTest" time="5.912"/>
  <testcase name="workers returning after shutdown cannot report successful completion()" classname="decompengine.web.WebShutdownTest" time="0.593"/>
  <testcase name="JVM shutdown interrupts owned workers and persists discarded queued jobs()" classname="decompengine.web.WebShutdownTest" time="0.739"/>
  <system-out><![CDATA[]]></system-out>
  <system-err><![CDATA[]]></system-err>
</testsuite>
