<?xml version="1.0" encoding="UTF-8"?>
<testsuite name="decompengine.jobs.JobMetadataCrashTest" tests="8" skipped="0" failures="0" errors="0" timestamp="2026-09-05T16:34:36.082Z" hostname="whatsername" time="2.087">
  <properties/>
  <testcase name="death before file force preserves the old record()" classname="decompengine.jobs.JobMetadataCrashTest" time="0.326"/>
  <testcase name="death before directory force preserves the new record()" classname="decompengine.jobs.JobMetadataCrashTest" time="0.26"/>
  <testcase name="death after directory force preserves the new record()" classname="decompengine.jobs.JobMetadataCrashTest" time="0.249"/>
  <testcase name="death after partial metadata write preserves the old record()" classname="decompengine.jobs.JobMetadataCrashTest" time="0.221"/>
  <testcase name="death before replacement preserves the old record()" classname="decompengine.jobs.JobMetadataCrashTest" time="0.325"/>
  <testcase name="death after replacement preserves the new record()" classname="decompengine.jobs.JobMetadataCrashTest" time="0.271"/>
  <testcase name="death before metadata write preserves the old record()" classname="decompengine.jobs.JobMetadataCrashTest" time="0.209"/>
  <testcase name="death after file force preserves the old record()" classname="decompengine.jobs.JobMetadataCrashTest" time="0.215"/>
  <system-out><![CDATA[]]></system-out>
  <system-err><![CDATA[]]></system-err>
</testsuite>
