<?xml version="1.0" encoding="UTF-8"?>
<testsuite name="decompengine.jobs.JobMetadataPublicationTest" tests="8" skipped="0" failures="0" errors="0" timestamp="2026-09-05T16:34:38.170Z" hostname="whatsername" time="6.519">
  <properties/>
  <testcase name="failure after replacement retains complete new metadata()" classname="decompengine.jobs.JobMetadataPublicationTest" time="0.646"/>
  <testcase name="unforced private write preserves prior metadata()" classname="decompengine.jobs.JobMetadataPublicationTest" time="0.745"/>
  <testcase name="failure before replacement preserves prior metadata()" classname="decompengine.jobs.JobMetadataPublicationTest" time="0.801"/>
  <testcase name="failure before write preserves prior metadata()" classname="decompengine.jobs.JobMetadataPublicationTest" time="0.708"/>
  <testcase name="failure before directory force retains complete new metadata()" classname="decompengine.jobs.JobMetadataPublicationTest" time="0.893"/>
  <testcase name="partial private write preserves prior metadata()" classname="decompengine.jobs.JobMetadataPublicationTest" time="0.641"/>
  <testcase name="failure after directory force retains complete new metadata()" classname="decompengine.jobs.JobMetadataPublicationTest" time="1.526"/>
  <testcase name="forced private write preserves prior metadata()" classname="decompengine.jobs.JobMetadataPublicationTest" time="0.547"/>
  <system-out><![CDATA[]]></system-out>
  <system-err><![CDATA[]]></system-err>
</testsuite>
