<?xml version="1.0" encoding="UTF-8"?>
<testsuite name="decompengine.web.WebAuthenticationInspectionTest" tests="4" skipped="0" failures="0" errors="0" timestamp="2026-09-05T18:11:37.345Z" hostname="whatsername" time="1.466">
  <properties/>
  <testcase name="shutdown retains ownership until the admitted inspection finishes()" classname="decompengine.web.WebAuthenticationInspectionTest" time="1.347"/>
  <testcase name="slow inspection leaves HTTP responsive and rejects concurrent admission()" classname="decompengine.web.WebAuthenticationInspectionTest" time="0.054"/>
  <testcase name="failed inspection hides raw errors and permits another explicit attempt()" classname="decompengine.web.WebAuthenticationInspectionTest" time="0.015"/>
  <testcase name="web inspection is explicit and returns only redacted previews()" classname="decompengine.web.WebAuthenticationInspectionTest" time="0.036"/>
  <system-out><![CDATA[]]></system-out>
  <system-err><![CDATA[]]></system-err>
</testsuite>
