<?xml version="1.0" encoding="UTF-8"?>
<testsuite name="decompengine.web.WebProgressCutoverTest" tests="2" skipped="0" failures="0" errors="0" timestamp="2026-09-08T07:27:54.383Z" hostname="whatsername" time="9.051">
  <properties/>
  <testcase name="atomic eviction during SSE gives a gap and fresh snapshot resumes later publication()" classname="decompengine.web.WebProgressCutoverTest" time="2.86"/>
  <testcase name="racing HTTP snapshots and atomic publication have exact bounded replay cutovers()" classname="decompengine.web.WebProgressCutoverTest" time="6.181"/>
  <system-out><![CDATA[Cutover qualification: 33 rounds, 264 appends, 11 forced-before, 11 forced-after, 11 racing snapshots; 33 initial snapshots succeeded, 0 explicit interrupted reads recovered.
]]></system-out>
  <system-err><![CDATA[]]></system-err>
</testsuite>
