<?xml version="1.0" encoding="UTF-8"?>
<testsuite name="decompengine.web.UploadServerTest" tests="28" skipped="0" failures="0" errors="0" timestamp="2026-09-05T17:42:50.675Z" hostname="whatsername" time="27.332">
  <properties/>
  <testcase name="job event endpoint and refresh render the persisted bounded stream()" classname="decompengine.web.UploadServerTest" time="0.181"/>
  <testcase name="shutdown discards caller-queued work and late delivery cannot alter a new owner state()" classname="decompengine.web.UploadServerTest" time="0.091"/>
  <testcase name="web UI uploads ELF and returns job JSON()" classname="decompengine.web.UploadServerTest" time="0.033"/>
  <testcase name="GUI launches analysis renders evidence and downloads artifacts()" classname="decompengine.web.UploadServerTest" time="0.228"/>
  <testcase name="source rendering never reads linked or oversized provenance metadata()" classname="decompengine.web.UploadServerTest" time="0.131"/>
  <testcase name="legacy event reads reject unknown attempt identities and extra query parameters()" classname="decompengine.web.UploadServerTest" time="0.123"/>
  <testcase name="job state page shows status metadata and repair iteration history()" classname="decompengine.web.UploadServerTest" time="0.09"/>
  <testcase name="dashboard shows retained recovery data without exposing private files()" classname="decompengine.web.UploadServerTest" time="0.01"/>
  <testcase name="missing job workflow admissions return typed safe not found responses()" classname="decompengine.web.UploadServerTest" time="0.045"/>
  <testcase name="source and archive response reads reject oversized sparse files()" classname="decompengine.web.UploadServerTest" time="0.142"/>
  <testcase name="shutdown timeout retains store ownership until the worker exits and cleanup is retried()" classname="decompengine.web.UploadServerTest" time="5.404"/>
  <testcase name="verified archive links pin bytes and reject stale source build and archive identities()" classname="decompengine.web.UploadServerTest" time="2.949"/>
  <testcase name="source roles and text kinds come from an admitted alternate profile not suffixes()" classname="decompengine.web.UploadServerTest" time="0.932"/>
  <testcase name="GUI launches reconstruction browses escaped source and rejects an unverified archive()" classname="decompengine.web.UploadServerTest" time="1.593"/>
  <testcase name="source responses reject malformed UTF8 without replacement decoding()" classname="decompengine.web.UploadServerTest" time="2.094"/>
  <testcase name="recovery endpoint returns a read-only summary without private names or contents()" classname="decompengine.web.UploadServerTest" time="0.003"/>
  <testcase name="rejected admission can be retried without a stale job reservation()" classname="decompengine.web.UploadServerTest" time="2.368"/>
  <testcase name="upload rejects non-ELF content()" classname="decompengine.web.UploadServerTest" time="0.152"/>
  <testcase name="owned workers bound pending jobs reject overflow and discard queued work at shutdown()" classname="decompengine.web.UploadServerTest" time="9.452"/>
  <testcase name="routes reject a substituted job directory instead of following its reports()" classname="decompengine.web.UploadServerTest" time="0.163"/>
  <testcase name="upload page has ELF form()" classname="decompengine.web.UploadServerTest" time="0.002"/>
  <testcase name="dashboard shows incomplete recovery inspection even with zero counted candidates()" classname="decompengine.web.UploadServerTest" time="0.002"/>
  <testcase name="background diagnostics redact secrets before persistence and rendering()" classname="decompengine.web.UploadServerTest" time="0.273"/>
  <testcase name="artifact routes reject noncanonical paths and nonregular targets()" classname="decompengine.web.UploadServerTest" time="0.204"/>
  <testcase name="artifact and source routes reject final file and parent directory indirection()" classname="decompengine.web.UploadServerTest" time="0.169"/>
  <testcase name="changed source input and same-byte source indirection cannot reuse manifest evidence()" classname="decompengine.web.UploadServerTest" time="0.267"/>
  <testcase name="dashboard lists uploaded jobs()" classname="decompengine.web.UploadServerTest" time="0.09"/>
  <testcase name="dashboard keeps malformed jobs visible and detail returns a safe storage diagnostic()" classname="decompengine.web.UploadServerTest" time="0.123"/>
  <system-out><![CDATA[]]></system-out>
  <system-err><![CDATA[]]></system-err>
</testsuite>
