<?xml version="1.0" encoding="UTF-8"?>
<testsuite name="decompengine.web.WebAuthenticationInspectionTest" tests="7" skipped="0" failures="0" errors="0" timestamp="2026-09-05T18:27:10.337Z" hostname="whatsername" time="6.028">
  <properties/>
  <testcase name="shutdown waits past five seconds and preserves caller interruption and ownership()" classname="decompengine.web.WebAuthenticationInspectionTest" time="5.784"/>
  <testcase name="delayed cancellation cannot cancel a replacement inspection()" classname="decompengine.web.WebAuthenticationInspectionTest" time="0.041"/>
  <testcase name="slow inspection leaves HTTP responsive and rejects concurrent admission()" classname="decompengine.web.WebAuthenticationInspectionTest" time="0.019"/>
  <testcase name="failed inspection hides raw errors and permits another explicit attempt()" classname="decompengine.web.WebAuthenticationInspectionTest" time="0.013"/>
  <testcase name="web inspection is explicit and returns only redacted previews()" classname="decompengine.web.WebAuthenticationInspectionTest" time="0.018"/>
  <testcase name="explicit cancellation reaches the current inspector and publishes only its terminal result()" classname="decompengine.web.WebAuthenticationInspectionTest" time="0.029"/>
  <testcase name="shutdown waits for cancelled inspection cleanup before returning()" classname="decompengine.web.WebAuthenticationInspectionTest" time="0.111"/>
  <system-out><![CDATA[]]></system-out>
  <system-err><![CDATA[]]></system-err>
</testsuite>
