<?xml version="1.0" encoding="UTF-8"?>
<testsuite name="decompengine.web.UploadServerTest" tests="47" skipped="0" failures="0" errors="0" timestamp="2026-09-08T05:38:49.903Z" hostname="whatsername" time="20.876">
  <properties/>
  <testcase name="queued publication racing the stop signal is rejected and repaired()" classname="decompengine.web.UploadServerTest" time="0.011"/>
  <testcase name="job event endpoint and refresh render the persisted bounded stream()" classname="decompengine.web.UploadServerTest" time="0.107"/>
  <testcase name="repair and reconstruction HTML use bounded supplied reports without renderer IO()" classname="decompengine.web.UploadServerTest" time="0.327"/>
  <testcase name="shutdown discards caller-queued work and late delivery cannot alter a new owner state()" classname="decompengine.web.UploadServerTest" time="0.021"/>
  <testcase name="web UI uploads ELF and returns job JSON()" classname="decompengine.web.UploadServerTest" time="0.008"/>
  <testcase name="legacy JSON errors have fixed public messages and request identities()" classname="decompengine.web.UploadServerTest" time="0.276"/>
  <testcase name="legacy upload and job JSON omit private storage fields without changing persistence()" classname="decompengine.web.UploadServerTest" time="0.149"/>
  <testcase name="GUI launches analysis renders evidence and downloads artifacts()" classname="decompengine.web.UploadServerTest" time="0.156"/>
  <testcase name="HTML progress renders only the supplied snapshot rather than reopening the journal()" classname="decompengine.web.UploadServerTest" time="0.009"/>
  <testcase name="early stop signal prevents successful completion publication before cleanup()" classname="decompengine.web.UploadServerTest" time="0.013"/>
  <testcase name="source rendering never reads linked or oversized provenance metadata()" classname="decompengine.web.UploadServerTest" time="0.099"/>
  <testcase name="legacy event reads reject unknown attempt identities and extra query parameters()" classname="decompengine.web.UploadServerTest" time="0.095"/>
  <testcase name="job state page shows status metadata and repair iteration history()" classname="decompengine.web.UploadServerTest" time="0.06"/>
  <testcase name="HTML exploration uses supplied data and bounded unavailable report reads()" classname="decompengine.web.UploadServerTest" time="0.299"/>
  <testcase name="dashboard shows retained recovery data without exposing private files()" classname="decompengine.web.UploadServerTest" time="0.007"/>
  <testcase name="completion publication racing the stop signal is repaired to failed()" classname="decompengine.web.UploadServerTest" time="0.029"/>
  <testcase name="missing job workflow admissions return typed safe not found responses()" classname="decompengine.web.UploadServerTest" time="0.049"/>
  <testcase name="source and archive response reads reject oversized sparse files()" classname="decompengine.web.UploadServerTest" time="0.103"/>
  <testcase name="shutdown timeout retains store ownership until the worker exits and cleanup is retried()" classname="decompengine.web.UploadServerTest" time="5.013"/>
  <testcase name="artifact display uses supplied metadata and service listing stays bounded()" classname="decompengine.web.UploadServerTest" time="0.103"/>
  <testcase name="legacy nonloopback binding is unavailable without a qualified access profile()" classname="decompengine.web.UploadServerTest" time="0.001"/>
  <testcase name="verified archive links pin bytes and reject stale source build and archive identities()" classname="decompengine.web.UploadServerTest" time="1.542"/>
  <testcase name="source roles and text kinds come from an admitted alternate profile not suffixes()" classname="decompengine.web.UploadServerTest" time="0.301"/>
  <testcase name="GUI launches reconstruction browses escaped source and rejects an unverified archive()" classname="decompengine.web.UploadServerTest" time="0.223"/>
  <testcase name="source responses reject malformed UTF8 without replacement decoding()" classname="decompengine.web.UploadServerTest" time="0.055"/>
  <testcase name="recovery endpoint returns a read-only summary without private names or contents()" classname="decompengine.web.UploadServerTest" time="0.006"/>
  <testcase name="legacy progress withholds uncertified prose and unknown fields in JSON and HTML()" classname="decompengine.web.UploadServerTest" time="0.102"/>
  <testcase name="rejected admission can be retried without a stale job reservation()" classname="decompengine.web.UploadServerTest" time="0.059"/>
  <testcase name="early stop signal discards delivered queued work before cleanup takes the lifecycle lock()" classname="decompengine.web.UploadServerTest" time="0.011"/>
  <testcase name="stop signals the job service before waiting on the lifecycle lock()" classname="decompengine.web.UploadServerTest" time="0.032"/>
  <testcase name="background diagnostics are redacted in storage and withheld from public rendering()" classname="decompengine.web.UploadServerTest" time="0.146"/>
  <testcase name="claim that precedes the stop signal cannot invoke the operation()" classname="decompengine.web.UploadServerTest" time="0.012"/>
  <testcase name="upload rejects non-ELF content()" classname="decompengine.web.UploadServerTest" time="0.006"/>
  <testcase name="legacy progress distinguishes unavailable journals from a persisted empty journal()" classname="decompengine.web.UploadServerTest" time="0.389"/>
  <testcase name="late caller-owned worker completion releases ownership without a second stop()" classname="decompengine.web.UploadServerTest" time="5.034"/>
  <testcase name="owned workers bound pending jobs reject overflow and discard queued work at shutdown()" classname="decompengine.web.UploadServerTest" time="2.17"/>
  <testcase name="legacy JSON read routes negotiate methods and Accept before storage access()" classname="decompengine.web.UploadServerTest" time="1.424"/>
  <testcase name="routes reject a substituted job directory instead of following its reports()" classname="decompengine.web.UploadServerTest" time="0.142"/>
  <testcase name="upload page has ELF form()" classname="decompengine.web.UploadServerTest" time="0.004"/>
  <testcase name="dashboard shows incomplete recovery inspection even with zero counted candidates()" classname="decompengine.web.UploadServerTest" time="0.007"/>
  <testcase name="legacy transport rejects foreign origins and forwarded authority before operations()" classname="decompengine.web.UploadServerTest" time="1.356"/>
  <testcase name="artifact routes reject noncanonical paths and nonregular targets()" classname="decompengine.web.UploadServerTest" time="0.215"/>
  <testcase name="progress refresh distinguishes hidden rows lost history and unreadable snapshots()" classname="decompengine.web.UploadServerTest" time="0.145"/>
  <testcase name="artifact and source routes reject final file and parent directory indirection()" classname="decompengine.web.UploadServerTest" time="0.145"/>
  <testcase name="changed source input and same-byte source indirection cannot reuse manifest evidence()" classname="decompengine.web.UploadServerTest" time="0.233"/>
  <testcase name="dashboard lists uploaded jobs()" classname="decompengine.web.UploadServerTest" time="0.05"/>
  <testcase name="dashboard keeps malformed jobs visible and detail returns a safe storage diagnostic()" classname="decompengine.web.UploadServerTest" time="0.093"/>
  <system-out><![CDATA[]]></system-out>
  <system-err><![CDATA[]]></system-err>
</testsuite>
