<?xml version="1.0" encoding="UTF-8"?>
<testsuite name="decompengine.acp.AcpAuthenticationInventoryTest" tests="9" skipped="0" failures="0" errors="0" timestamp="2026-09-05T16:06:06.423Z" hostname="whatsername" time="0.03">
  <properties/>
  <testcase name="commitment covers variant payloads metadata and unknown raw fields()" classname="decompengine.acp.AcpAuthenticationInventoryTest" time="0.008"/>
  <testcase name="logout advertisement remains independent of methods and execution support()" classname="decompengine.acp.AcpAuthenticationInventoryTest" time="0.0"/>
  <testcase name="complete inventory limits include metadata unsupported payloads depth and aggregate size()" classname="decompengine.acp.AcpAuthenticationInventoryTest" time="0.014"/>
  <testcase name="operator inventory preserves exact IDs but redacts display previews()" classname="decompengine.acp.AcpAuthenticationInventoryTest" time="0.0"/>
  <testcase name="unknown authentication variants stay unsupported()" classname="decompengine.acp.AcpAuthenticationInventoryTest" time="0.0"/>
  <testcase name="numeric payload policy applies at the exact limit to metadata and unknown variants()" classname="decompengine.acp.AcpAuthenticationInventoryTest" time="0.003"/>
  <testcase name="ambiguous and excessive advertisements fail with fixed diagnostics()" classname="decompengine.acp.AcpAuthenticationInventoryTest" time="0.0"/>
  <testcase name="unpaired surrogates fail as authentication inventory errors()" classname="decompengine.acp.AcpAuthenticationInventoryTest" time="0.001"/>
  <testcase name="empty and changed inventories have deterministic commitments()" classname="decompengine.acp.AcpAuthenticationInventoryTest" time="0.0"/>
  <system-out><![CDATA[]]></system-out>
  <system-err><![CDATA[]]></system-err>
</testsuite>
