<?xml version="1.0" encoding="UTF-8"?>
<testsuite name="decompengine.web.WebProductionRetentionTest" tests="2" skipped="0" failures="0" errors="0" timestamp="2026-09-08T07:03:16.042Z" hostname="whatsername" time="2.361">
  <properties/>
  <testcase name="legacy mode retains its existing nonperiodic behavior()" classname="decompengine.web.WebProductionRetentionTest" time="1.303"/>
  <testcase name="SPA defaults expire old unpinned progress preserve pins and recent history and report counters privately()" classname="decompengine.web.WebProductionRetentionTest" time="1.058"/>
  <system-out><![CDATA[]]></system-out>
  <system-err><![CDATA[]]></system-err>
</testsuite>
