<?xml version="1.0" encoding="UTF-8"?>
<testsuite name="decompengine.web.WebRecoveryAdmissionTest" tests="2" skipped="0" failures="0" errors="0" timestamp="2026-09-05T16:05:04.508Z" hostname="whatsername" time="0.043">
  <properties/>
  <testcase name="incomplete startup recovery releases ownership and listener without changing statuses()" classname="decompengine.web.WebRecoveryAdmissionTest" time="0.022"/>
  <testcase name="stop before startup preserves pending records and releases its listener()" classname="decompengine.web.WebRecoveryAdmissionTest" time="0.02"/>
  <system-out><![CDATA[]]></system-out>
  <system-err><![CDATA[]]></system-err>
</testsuite>
