<?xml version="1.0" encoding="UTF-8"?>
<testsuite name="decompengine.jobs.JobMetadataCrashTest" tests="8" skipped="0" failures="0" errors="0" timestamp="2026-09-05T16:04:41.788Z" hostname="whatsername" time="1.867">
  <properties/>
  <testcase name="death before file force preserves the old record()" classname="decompengine.jobs.JobMetadataCrashTest" time="0.33"/>
  <testcase name="death before directory force preserves the new record()" classname="decompengine.jobs.JobMetadataCrashTest" time="0.234"/>
  <testcase name="death after directory force preserves the new record()" classname="decompengine.jobs.JobMetadataCrashTest" time="0.214"/>
  <testcase name="death after partial metadata write preserves the old record()" classname="decompengine.jobs.JobMetadataCrashTest" time="0.186"/>
  <testcase name="death before replacement preserves the old record()" classname="decompengine.jobs.JobMetadataCrashTest" time="0.217"/>
  <testcase name="death after replacement preserves the new record()" classname="decompengine.jobs.JobMetadataCrashTest" time="0.207"/>
  <testcase name="death before metadata write preserves the old record()" classname="decompengine.jobs.JobMetadataCrashTest" time="0.185"/>
  <testcase name="death after file force preserves the old record()" classname="decompengine.jobs.JobMetadataCrashTest" time="0.282"/>
  <system-out><![CDATA[]]></system-out>
  <system-err><![CDATA[]]></system-err>
</testsuite>
