<?xml version="1.0" encoding="UTF-8"?>
<testsuite name="decompengine.web.WebJobServiceTest" tests="12" skipped="0" failures="0" errors="0" timestamp="2026-09-05T18:00:22.553Z" hostname="whatsername" time="1.123">
  <properties/>
  <testcase name="shutdown continues revoking tasks after one damaged record()" classname="decompengine.web.WebJobServiceTest" time="0.114"/>
  <testcase name="upload and reads stay inert and explicit adapters share the same stored job()" classname="decompengine.web.WebJobServiceTest" time="0.135"/>
  <testcase name="worker rejection releases admission and supports a deliberate later retry()" classname="decompengine.web.WebJobServiceTest" time="0.124"/>
  <testcase name="scheduler reads preserve absent storage and distinguish shutdown and unknown executor metrics()" classname="decompengine.web.WebJobServiceTest" time="0.001"/>
  <testcase name="unexpected submission failure preserves its cause and releases a retryable job()" classname="decompengine.web.WebJobServiceTest" time="0.117"/>
  <testcase name="workflow failure stores a safe diagnostic without raw exception content()" classname="decompengine.web.WebJobServiceTest" time="0.09"/>
  <testcase name="startup reconciles orphan staging under ownership and releases lease when cleanup refuses storage()" classname="decompengine.web.WebJobServiceTest" time="0.013"/>
  <testcase name="close revokes borrowed pending tasks and late delivery is inert()" classname="decompengine.web.WebJobServiceTest" time="0.065"/>
  <testcase name="failed initial state transition cannot strand active job ownership()" classname="decompengine.web.WebJobServiceTest" time="0.101"/>
  <testcase name="retained report bytes deny upload before reading body and leave status readable()" classname="decompengine.web.WebJobServiceTest" time="0.035"/>
  <testcase name="owned workers and waiting workflows are independently bounded()" classname="decompengine.web.WebJobServiceTest" time="0.231"/>
  <testcase name="concurrent starts admit exactly one workflow for a job()" classname="decompengine.web.WebJobServiceTest" time="0.092"/>
  <system-out><![CDATA[]]></system-out>
  <system-err><![CDATA[]]></system-err>
</testsuite>
