<?xml version="1.0" encoding="UTF-8"?>
<testsuite name="decompengine.web.UploadPublicationServiceHttpTest" tests="1" skipped="0" failures="0" errors="0" timestamp="2026-09-05T18:00:13.377Z" hostname="whatsername" time="3.065">
  <properties/>
  <testcase name="production adapters retain uncertain identity and fence retries without leaking causes()" classname="decompengine.web.UploadPublicationServiceHttpTest" time="3.063"/>
  <system-out><![CDATA[]]></system-out>
  <system-err><![CDATA[]]></system-err>
</testsuite>
