<?xml version="1.0" encoding="UTF-8"?>
<testsuite name="decompengine.web.StreamingUploadServiceTest" tests="3" skipped="0" failures="0" errors="0" timestamp="2026-09-05T18:00:08.559Z" hostname="whatsername" time="4.81">
  <properties/>
  <testcase name="shutdown retains root ownership until an unresponsive upload stream actually exits()" classname="decompengine.web.StreamingUploadServiceTest" time="0.169"/>
  <testcase name="two streamed uploads allow status reads and reject extra admission without execution()" classname="decompengine.web.StreamingUploadServiceTest" time="3.219"/>
  <testcase name="active workflow denies upload before consuming bytes()" classname="decompengine.web.StreamingUploadServiceTest" time="1.414"/>
  <system-out><![CDATA[]]></system-out>
  <system-err><![CDATA[]]></system-err>
</testsuite>
